PLINK v1.90p 64-bit (29 Apr 2019)
Options in effect:
  --a1-allele EUR/EUR.a1
  --bfile EUR/EUR
  --exclude EUR/EUR.mismatch
  --extract EUR/EUR.QC.snplist
  --keep EUR/EUR.QC.rel.id
  --make-bed
  --out EUR/EUR.QC

Hostname: ccs9022
Working directory: /scratch/c.c21013066/data/tutorial/PRSice
Start time: Thu Aug 26 11:55:10 2021

Random number seed: 1629975310
191863 MB RAM detected; reserving 95931 MB for main workspace.
551892 variants loaded from .bim file.
503 people (240 males, 263 females) loaded from .fam.
--extract: 540534 variants remaining.
--exclude: 489805 variants remaining.
--keep: 483 people remaining.
Using 1 thread (no multithreaded calculations invoked).
Before main variant filters, 483 founders and 0 nonfounders present.
Calculating allele frequencies... done.
--a1-allele: 489805 assignments made.
489805 variants and 483 people pass filters and QC.
Note: No phenotypes present.
--make-bed to EUR/EUR.QC.bed + EUR/EUR.QC.bim + EUR/EUR.QC.fam ... done.

End time: Thu Aug 26 11:55:11 2021
