PLINK v1.90p 64-bit (29 Apr 2019)
Options in effect:
  --bfile EUR/EUR.QC
  --cluster
  --extract EUR/EUR.QC.prune.in
  --genome
  --mds-plot 10
  --out EUR/EUR

Hostname: ccs9022
Working directory: /scratch/c.c21013066/data/tutorial/PRSice
Start time: Thu Aug 26 12:18:47 2021

Random number seed: 1629976727
191863 MB RAM detected; reserving 95931 MB for main workspace.
489805 variants loaded from .bim file.
483 people (232 males, 251 females) loaded from .fam.
--extract: 248290 variants remaining.
Using up to 39 threads (change this with --threads).
Before main variant filters, 483 founders and 0 nonfounders present.
Calculating allele frequencies... done.
248290 variants and 483 people pass filters and QC.
Note: No phenotypes present.
IBD calculations complete.
Finished writing EUR/EUR.genome .
Clustering... done.
Cluster solution written to EUR/EUR.cluster1 , EUR/EUR.cluster2 , and
EUR/EUR.cluster3 .
Performing multidimensional scaling analysis (SVD algorithm, 10
dimensions)... done.
MDS solution written to EUR/EUR.mds .

End time: Thu Aug 26 12:18:54 2021
